c:\test\frontierchallengehz\debug\vc142.pdb
c:\test\frontierchallengehz\debug\vc142.idb
c:\test\frontierchallengehz\debug\frontierui.obj
c:\test\frontierchallengehz\debug\frontierchallengehz.obj
c:\test\frontierchallengehz\debug\fcposition.obj
c:\test\frontierchallengehz\debug\frontierchallengehz.ilk
c:\test\frontierchallengehz\debug\frontierchallengehz.exe
c:\test\frontierchallengehz\debug\frontierchallengehz.pdb
c:\test\frontierchallengehz\debug\frontierchallengehz.res
c:\test\frontierchallengehz\debug\unittest.exp
c:\test\frontierchallengehz\debug\unittest.pdb
c:\test\frontierchallengehz\debug\frontier.7326485e.tlog\cl.command.1.tlog
c:\test\frontierchallengehz\debug\frontier.7326485e.tlog\cl.read.1.tlog
c:\test\frontierchallengehz\debug\frontier.7326485e.tlog\cl.write.1.tlog
c:\test\frontierchallengehz\debug\frontier.7326485e.tlog\link.command.1.tlog
c:\test\frontierchallengehz\debug\frontier.7326485e.tlog\link.read.1.tlog
c:\test\frontierchallengehz\debug\frontier.7326485e.tlog\link.write.1.tlog
c:\test\frontierchallengehz\debug\frontier.7326485e.tlog\rc.command.1.tlog
c:\test\frontierchallengehz\debug\frontier.7326485e.tlog\rc.read.1.tlog
c:\test\frontierchallengehz\debug\frontier.7326485e.tlog\rc.write.1.tlog
